This is e-pTeX, Version 3.1415926-p3.2-110415-2.3 (sjis) (Web2C 2011) (format=platex 2011.12.20)  7 JUN 2013 17:07
entering extended mode
 restricted \write18 enabled.
 %&-line parsing enabled.
**thesis
(./thesis.tex
pLaTeX2e <2006/11/10> (based on LaTeX2e <2011/06/27> patch level 0)
Babel <v3.8m> and hyphenation patterns for english, dumylang, nohyphenation, af
rikaans, arabic, basque, bulgarian, catalan, pinyin, croatian, czech, danish, d
utch, ukenglish, usenglishmax, esperanto, estonian, farsi, finnish, french, gal
ician, german, ngerman, swissgerman, hungarian, icelandic, indonesian, interlin
gua, irish, italian, kurmanji, latin, latvian, lithuanian, mongolian, mongolian
lmc, bokmal, nynorsk, polish, portuguese, romanian, russian, serbian, serbianc,
 slovak, slovenian, spanish, swedish, turkish, turkmen, ukrainian, uppersorbian
, welsh, ancientgreek, ibycus, monogreek, greek, coptic, loaded.
(./iscs-thesis.cls
Document Class: iscs-thesis 2009/03/11 v1.3a Dept of IS/CS thesis class
\bindoffset=\skip41
\c@part=\count81
\c@chapter=\count82
\c@section=\count83
\c@subsection=\count84
\c@subsubsection=\count85
\c@paragraph=\count86
\c@subparagraph=\count87
\eabstractbox=\box41
\jabstractbox=\box42
\c@figure=\count88
\c@table=\count89
\abovecaptionskip=\skip42
\belowcaptionskip=\skip43
\bibindent=\dimen118
) (h:/texlive/2011/texmf-dist/tex/latex/graphics/graphicx.sty
Package: graphicx 1999/02/16 v1.0f Enhanced LaTeX Graphics (DPC,SPQR)

(h:/texlive/2011/texmf-dist/tex/latex/graphics/keyval.sty
Package: keyval 1999/03/16 v1.13 key=value parser (DPC)
\KV@toks@=\toks15
)
(h:/texlive/2011/texmf-dist/tex/latex/graphics/graphics.sty
Package: graphics 2009/02/05 v1.0o Standard LaTeX Graphics (DPC,SPQR)

(h:/texlive/2011/texmf-dist/tex/latex/graphics/trig.sty
Package: trig 1999/03/16 v1.09 sin cos tan (DPC)
)
(h:/texlive/2011/texmf-dist/tex/latex/latexconfig/graphics.cfg
File: graphics.cfg 2010/04/23 v1.9 graphics configuration of TeX Live
)
Package graphics Info: Driver file: dvips.def on input line 91.

(h:/texlive/2011/texmf-dist/tex/latex/graphics/dvips.def
File: dvips.def 1999/02/16 v3.0i Driver-dependant file (DPC,SPQR)
))
\Gin@req@height=\dimen119
\Gin@req@width=\dimen120
)
(h:/texlive/2011/texmf-dist/tex/latex/psnfss/times.sty
Package: times 2005/04/12 PSNFSS-v9.2a (SPQR) 
)
(h:/texlive/2011/texmf-dist/tex/latex/graphics/epsfig.sty
Package: epsfig 1999/02/16 v1.7a (e)psfig emulation (SPQR)
\epsfxsize=\dimen121
\epsfysize=\dimen122
)
(h:/texlive/2011/texmf-dist/tex/latex/amsmath/amsmath.sty
Package: amsmath 2000/07/18 v2.13 AMS math features
\@mathmargin=\skip44

For additional information on amsmath, use the `?' option.
(h:/texlive/2011/texmf-dist/tex/latex/amsmath/amstext.sty
Package: amstext 2000/06/29 v2.01

(h:/texlive/2011/texmf-dist/tex/latex/amsmath/amsgen.sty
File: amsgen.sty 1999/11/30 v2.0
\@emptytoks=\toks16
\ex@=\dimen123
))
(h:/texlive/2011/texmf-dist/tex/latex/amsmath/amsbsy.sty
Package: amsbsy 1999/11/29 v1.2d
\pmbraise@=\dimen124
)
(h:/texlive/2011/texmf-dist/tex/latex/amsmath/amsopn.sty
Package: amsopn 1999/12/14 v2.01 operator names
)
\inf@bad=\count90
LaTeX Info: Redefining \frac on input line 211.
\uproot@=\count91
\leftroot@=\count92
LaTeX Info: Redefining \overline on input line 307.
\classnum@=\count93
\DOTSCASE@=\count94
LaTeX Info: Redefining \ldots on input line 379.
LaTeX Info: Redefining \dots on input line 382.
LaTeX Info: Redefining \cdots on input line 467.
\Mathstrutbox@=\box43
\strutbox@=\box44
\big@size=\dimen125
LaTeX Font Info:    Redeclaring font encoding OML on input line 567.
LaTeX Font Info:    Redeclaring font encoding OMS on input line 568.
\macc@depth=\count95
\c@MaxMatrixCols=\count96
\dotsspace@=\muskip10
\c@parentequation=\count97
\dspbrk@lvl=\count98
\tag@help=\toks17
\row@=\count99
\column@=\count100
\maxfields@=\count101
\andhelp@=\toks18
\eqnshift@=\dimen126
\alignsep@=\dimen127
\tagshift@=\dimen128
\tagwidth@=\dimen129
\totwidth@=\dimen130
\lineht@=\dimen131
\@envbody=\toks19
\multlinegap=\skip45
\multlinetaggap=\skip46
\mathdisplay@stack=\toks20
LaTeX Info: Redefining \[ on input line 2666.
LaTeX Info: Redefining \] on input line 2667.
)
(h:/texlive/2011/texmf-dist/tex/latex/amsfonts/amssymb.sty
Package: amssymb 2009/06/22 v3.00

(h:/texlive/2011/texmf-dist/tex/latex/amsfonts/amsfonts.sty
Package: amsfonts 2009/06/22 v3.00 Basic AMSFonts support
\symAMSa=\mathgroup4
\symAMSb=\mathgroup5
LaTeX Font Info:    Overwriting math alphabet `\mathfrak' in version `bold'
(Font)                  U/euf/m/n --> U/euf/b/n on input line 96.
))
(h:/texlive/2011/texmf-dist/tex/latex/subfigure/subfigure.sty
Package: subfigure 2002/03/15 v2.1.5 subfigure package
\subfigtopskip=\skip47
\subfigcapskip=\skip48
\subfigcaptopadj=\dimen132
\subfigbottomskip=\skip49
\subfigcapmargin=\dimen133
\subfiglabelskip=\skip50
\c@subfigure=\count102
\c@lofdepth=\count103
\c@subtable=\count104
\c@lotdepth=\count105

****************************************
* Local config file subfigure.cfg used *
****************************************
(h:/texlive/2011/texmf-dist/tex/latex/subfigure/subfigure.cfg)
\subfig@top=\skip51
\subfig@bottom=\skip52
)
(h:/texlive/2011/texmf-dist/tex/latex/graphics/color.sty
Package: color 2005/11/14 v1.0j Standard LaTeX Color (DPC)

(h:/texlive/2011/texmf-dist/tex/latex/latexconfig/color.cfg
File: color.cfg 2007/01/18 v1.5 color configuration of teTeX/TeXLive
)
Package color Info: Driver file: dvips.def on input line 130.

(h:/texlive/2011/texmf-dist/tex/latex/graphics/dvipsnam.def
File: dvipsnam.def 1999/02/16 v3.0i Driver-dependant file (DPC,SPQR)
))
(h:/texlive/2011/texmf-dist/tex/latex/xcolor/xcolor.sty
Package: xcolor 2007/01/21 v2.11 LaTeX color extensions (UK)

(h:/texlive/2011/texmf-dist/tex/latex/latexconfig/color.cfg
File: color.cfg 2007/01/18 v1.5 color configuration of teTeX/TeXLive
)
Package xcolor Info: Package option `usenames' ignored on input line 216.
Package xcolor Info: Driver file: dvips.def on input line 225.
LaTeX Info: Redefining \color on input line 702.
Package xcolor Info: Model `cmy' substituted by `cmy0' on input line 1337.
Package xcolor Info: Model `RGB' extended on input line 1353.
Package xcolor Info: Model `HTML' substituted by `rgb' on input line 1355.
Package xcolor Info: Model `Hsb' substituted by `hsb' on input line 1356.
Package xcolor Info: Model `tHsb' substituted by `hsb' on input line 1357.
Package xcolor Info: Model `HSB' substituted by `hsb' on input line 1358.
Package xcolor Info: Model `Gray' substituted by `gray' on input line 1359.
Package xcolor Info: Model `wave' substituted by `hsb' on input line 1360.

(h:/texlive/2011/texmf-dist/tex/latex/graphics/dvipsnam.def
File: dvipsnam.def 1999/02/16 v3.0i Driver-dependant file (DPC,SPQR)
))
(h:/texlive/2011/texmf-dist/tex/latex/algorithms/algorithm.sty
Package: algorithm 2009/08/24 v0.1 Document Style `algorithm' - floating enviro
nment

(h:/texlive/2011/texmf-dist/tex/latex/float/float.sty
Package: float 2001/11/08 v1.3d Float enhancements (AL)
\c@float@type=\count106
\float@exts=\toks21
\float@box=\box45
\@float@everytoks=\toks22
\@floatcapt=\box46
)
(h:/texlive/2011/texmf-dist/tex/latex/base/ifthen.sty
Package: ifthen 2001/05/26 v1.1c Standard LaTeX ifthen package (DPC)
)
\@float@every@algorithm=\toks23
\c@algorithm=\count107
)
(h:/texlive/2011/texmf-dist/tex/latex/algorithms/algorithmic.sty
Package: algorithmic 2009/08/24 v0.1 Document Style `algorithmic'
\c@ALC@unique=\count108
\c@ALC@line=\count109
\c@ALC@rem=\count110
\c@ALC@depth=\count111
\ALC@tlm=\skip53
\algorithmicindent=\skip54
)
(h:/texlive/2011/texmf-dist/tex/latex/preprint/authblk.sty
Package: authblk 2009/11/18 1.3 (PWD)
\affilsep=\skip55
\@affilsep=\skip56
\c@Maxaffil=\count112
\c@authors=\count113
\c@affil=\count114
)
(h:/texlive/2011/texmf-dist/tex/latex/abstract/abstract.sty
Package: abstract 2009/06/08 v1.2a configurable abstracts
\abstitleskip=\skip57
\absleftindent=\skip58
\absrightindent=\skip59
\absparindent=\skip60
\absparsep=\skip61
)
(h:/texlive/2011/texmf-dist/tex/latex/comment/comment.sty
\CommentStream=\write3

Excluding comment 'comment')
(h:/texlive/2011/texmf-dist/tex/generic/ulem/ulem.sty
\UL@box=\box47
\UL@hyphenbox=\box48
\UL@skip=\skip62
\UL@hook=\toks24
\UL@height=\dimen134
\UL@pe=\count115
\UL@pixel=\dimen135
\ULC@box=\box49
Package: ulem 2011/03/18
\ULdepth=\dimen136
)
(h:/texlive/2011/texmf-dist/tex/latex/url/url.sty
\Urlmuskip=\muskip11
Package: url 2006/04/12  ver 3.3  Verb mode for urls, etc.
) (./thesis.aux
(./chaps/eabstract.aux) (./chaps/jabstract.aux) (./chaps/1.aux) (./chaps/2.aux)
(./chaps/3.aux) (./chaps/4.aux

LaTeX Warning: Label `eq1' multiply defined.


LaTeX Warning: Label `eq2' multiply defined.


LaTeX Warning: Label `eq3' multiply defined.


LaTeX Warning: Label `eq4' multiply defined.


LaTeX Warning: Label `fig:compa:a' multiply defined.


LaTeX Warning: Label `sub@fig:compa:a' multiply defined.


LaTeX Warning: Label `fig:compa:b' multiply defined.


LaTeX Warning: Label `sub@fig:compa:b' multiply defined.


LaTeX Warning: Label `fig:compa:c' multiply defined.


LaTeX Warning: Label `sub@fig:compa:c' multiply defined.


LaTeX Warning: Label `fig:compa:c' multiply defined.


LaTeX Warning: Label `sub@fig:compa:c' multiply defined.


LaTeX Warning: Label `fig:compa' multiply defined.

) (./chaps/5.aux) (./chaps/6.aux) (./chaps/thanks.aux))
\openout1 = `thesis.aux'.

LaTeX Font Info:    Checking defaults for OML/cmm/m/it on input line 32.
LaTeX Font Info:    ... okay on input line 32.
LaTeX Font Info:    Checking defaults for T1/cmr/m/n on input line 32.
LaTeX Font Info:    ... okay on input line 32.
LaTeX Font Info:    Checking defaults for OT1/cmr/m/n on input line 32.
LaTeX Font Info:    ... okay on input line 32.
LaTeX Font Info:    Checking defaults for OMS/cmsy/m/n on input line 32.
LaTeX Font Info:    ... okay on input line 32.
LaTeX Font Info:    Checking defaults for OMX/cmex/m/n on input line 32.
LaTeX Font Info:    ... okay on input line 32.
LaTeX Font Info:    Checking defaults for U/cmr/m/n on input line 32.
LaTeX Font Info:    ... okay on input line 32.
LaTeX Font Info:    Checking defaults for JY1/mc/m/n on input line 32.
LaTeX Font Info:    ... okay on input line 32.
LaTeX Font Info:    Checking defaults for JT1/mc/m/n on input line 32.
LaTeX Font Info:    ... okay on input line 32.

(I search kanjifont definition file: . . ) (I search font definition file: . .
. . . . . )
LaTeX Font Info:    Try loading font information for OT1+ptm on input line 32.
 (h:/texlive/2011/texmf-dist/tex/latex/psnfss/ot1ptm.fd
File: ot1ptm.fd 2001/06/04 font definitions for OT1/ptm.
)
\openout2 = `chaps/eabstract.aux'.


(./chaps/eabstract.tex
LaTeX Font Info:    Font shape `JT1/mc/bx/n' in size <10.95> not available
(Font)              Font shape `JT1/gt/m/n' tried instead on input line 1.
LaTeX Font Info:    Font shape `JY1/mc/bx/n' in size <10.95> not available
(Font)              Font shape `JY1/gt/m/n' tried instead on input line 1.
LaTeX Font Info:    Font shape `OT1/ptm/bx/n' in size <10.95> not available
(Font)              Font shape `OT1/ptm/b/n' tried instead on input line 1.
)
\openout2 = `chaps/jabstract.aux'.

 (./chaps/jabstract.tex) [1





] [2] [3] [4]
LaTeX Font Info:    Font shape `JT1/mc/bx/n' in size <20.74> not available
(Font)              Font shape `JT1/gt/m/n' tried instead on input line 44.
LaTeX Font Info:    Font shape `JY1/mc/bx/n' in size <20.74> not available
(Font)              Font shape `JY1/gt/m/n' tried instead on input line 44.
LaTeX Font Info:    Font shape `OT1/ptm/bx/n' in size <20.74> not available
(Font)              Font shape `OT1/ptm/b/n' tried instead on input line 44.
 (./thesis.toc
LaTeX Font Info:    Font shape `JT1/mc/bx/n' in size <14.4> not available
(Font)              Font shape `JT1/gt/m/n' tried instead on input line 1.
LaTeX Font Info:    Font shape `JY1/mc/bx/n' in size <14.4> not available
(Font)              Font shape `JY1/gt/m/n' tried instead on input line 1.
LaTeX Font Info:    Font shape `OT1/ptm/bx/n' in size <14.4> not available
(Font)              Font shape `OT1/ptm/b/n' tried instead on input line 1.
LaTeX Font Info:    Try loading font information for U+msa on input line 3.

(h:/texlive/2011/texmf-dist/tex/latex/amsfonts/umsa.fd
File: umsa.fd 2009/06/22 v3.00 AMS symbols A
)
LaTeX Font Info:    Try loading font information for U+msb on input line 3.

(h:/texlive/2011/texmf-dist/tex/latex/amsfonts/umsb.fd
File: umsb.fd 2009/06/22 v3.00 AMS symbols B
) [5


])
\tf@toc=\write4
\openout4 = `thesis.toc'.

 [6] (./thesis.lof
Overfull \hbox (4.95377pt too wide) in paragraph at lines 10--10
 \OT1/ptm/m/n/14.4 key-points which pass the ver-i-fi-ca-tion, while blue marks
 
 []

[7

]
Overfull \hbox (23.8037pt too wide) in paragraph at lines 37--37
 \OT1/ptm/m/n/14.4 Hough im-ages formed by votes with the pro-posed weights. 
 []

)
\tf@lof=\write5
\openout5 = `thesis.lof'.

 [8] (./thesis.lot)
\tf@lot=\write6
\openout6 = `thesis.lot'.

 [9

]
\openout2 = `chaps/1.aux'.

 (./chaps/1.tex
Chapter 1.

Overfull \hbox (2.67378pt too wide) in paragraph at lines 6--7
[]\OT1/ptm/m/n/14.4 Most mod-ern de-tec-tion meth-ods fall into two cat-e-gorie
s. Some [[],
 []


Overfull \hbox (6.79626pt too wide) in paragraph at lines 9--10
\OT1/ptm/m/n/14.4 propos-ing bet-ter search-ing tech-niques for ex-plor-ing so-
lu-tion space [[]]. 
 []

[1



] [2]) [3]
\openout2 = `chaps/2.aux'.

 (./chaps/2.tex
Chapter 2.
[4



]
Overfull \hbox (1.38101pt too wide) in paragraph at lines 45--46
\OT1/ptm/m/n/14.4 ple dif-fer-ent im-age fea-tures or in-for-ma-tion from mul-t
i-ple chan-nels [[],
 []

[5]
Overfull \hbox (0.64317pt too wide) in paragraph at lines 53--55
[]\OT1/ptm/m/n/14.4 Discriminative and gen-er-a-tive meth-ods are the two main 
cat-e-gories
 []

[6] [7] [8]) [9]
\openout2 = `chaps/3.aux'.

 (./chaps/3.tex
Chapter 3.
[10



]
LaTeX Font Info:    Font shape `JT1/gt/m/it' in size <14.4> not available
(Font)              Font shape `JT1/gt/m/n' tried instead on input line 23.
LaTeX Font Info:    Font shape `JY1/gt/m/it' in size <14.4> not available
(Font)              Font shape `JY1/gt/m/n' tried instead on input line 23.
File: 17Orgimg00039.jpg Graphic file (type eps)
 <17Orgimg00039.jpg>
File: 17veriTrjimg00039.jpg Graphic file (type eps)
 <17veriTrjimg00039.jpg> [11] [12]
Overfull \hbox (7.54144pt too wide) in paragraph at lines 62--63
[]\OT1/ptm/m/n/14.4 Especially, com-pared with the method pro-posed in [[]], th
is method
 []


Overfull \hbox (4.27527pt too wide) in paragraph at lines 62--63
\OT1/ptm/m/n/14.4 em-ploys a more ef-fec-tive clas-si-fy-ing ma-chine by set-ti
ng bi-ased weights
 []

[13]
File: 17Kptimg00039.jpg Graphic file (type eps)
 <17Kptimg00039.jpg>
File: 8Kptimg00028.jpg Graphic file (type eps)
 <8Kptimg00028.jpg> [14]
File: 17VeriKptimg00039.jpg Graphic file (type eps)
 <17VeriKptimg00039.jpg>
File: 8VeriKptimg00028.jpg Graphic file (type eps)

<8VeriKptimg00028.jpg>
File: 17Rgsimgwl00039.jpg Graphic file (type eps)
 <17Rgsimgwl00039.jpg>
File: 8Rgsimgwl00028.jpg Graphic file (type eps)
 <8Rgsimgwl00028.jpg> [15]
File: 17Rgsimg00039.jpg Graphic file (type eps)

<17Rgsimg00039.jpg>
File: 8Rgsimg00028.jpg Graphic file (type eps)
 <8Rgsimg00028.jpg> [16] [17] [18] [19]
Overfull \hbox (1.5076pt too wide) in paragraph at lines 213--214
[]\OT1/ptm/m/n/14.4 The Ad-aboost ma-chine to dis-tin-guish other ve-hi-cles an
d their shad-
 []

File: 17veriTrjimg00039.jpg Graphic file (type eps)
<17veriTrjimg00039.jpg>
File: 8veriTrjimg00028.jpg Graphic file (type eps)
 <8veriTrjimg00028.jpg>
File: 19veriTrjimg00041.jpg Graphic file (type eps)
 <19veriTrjimg00041.jpg>
File: 3veriTrjimg00023.jpg Graphic file (type eps)

<3veriTrjimg00023.jpg>

LaTeX Warning: `h' float specifier changed to `ht'.

[20]) [21]
\openout2 = `chaps/4.aux'.

 (./chaps/4.tex
Chapter 4.

Overfull \hbox (17.8112pt too wide) in paragraph at lines 15--21
|   []   |   []   |   []   |   []   |   []   |   []   |   []   |   []   |   [] 
  |   []   |   []   |   []
 []


Overfull \hbox (9.7627pt too wide) in paragraph at lines 15--21
|   []   |   []   |   []   |   []   |   []   |   []   |   []   |   []   |   [] 
  |   []   |   []   |   []
 []


Overfull \hbox (3.81526pt too wide) in paragraph at lines 25--27
\OT1/ptm/m/n/14.4 cat-e-gories: sliding-window meth-ods and Hough trans-form ba
sed meth-
 []

[22



]
Overfull \hbox (1.27602pt too wide) in paragraph at lines 34--35
[]\OT1/ptm/m/n/14.4 A typ-i-cal Hough trans-form based method con-tains two ste
ps: train-
 []

[23]
File: PEssR.jpg Graphic file (type eps)
 <PEssR.jpg>
File: a56.jpg Graphic file (type eps)
 <a56.jpg>
File: Untitled-6.jpg Graphic file (type eps)
 <Untitled-6.jpg>
File: Untitled-4.jpg Graphic file (type eps)
 <Untitled-4.jpg>

LaTeX Warning: Float too large for page by 87.91208pt on input line 61.

LaTeX Font Info:    Try loading font information for OMS+ptm on input line 67.
(h:/texlive/2011/texmf-dist/tex/latex/psnfss/omsptm.fd
File: omsptm.fd 
)
LaTeX Font Info:    Font shape `OMS/ptm/m/n' in size <14.4> not available
(Font)              Font shape `OMS/cmsy/m/n' tried instead on input line 67.
 [24] [25] [26]
Overfull \hbox (8.485pt too wide) in paragraph at lines 121--122
[]\OT1/ptm/m/n/14.4 Here, a uni-form weight is as-sumed for each ob-ject part, 
and $\OML/cmm/m/it/14.4 w\OT1/cmr/m/n/14.4 (\OT1/cmr/bx/n/14.4 e[]\OT1/cmr/m/n/
14.4 ) =
 []

[27] [28]
File: a56.jpg Graphic file (type eps)
 <a56.jpg>
File: voteimg00056.jpg Graphic file (type eps)
 <voteimg00056.jpg>
File: selectVimg00056_9.jpg Graphic file (type eps)
 <selectVimg00056_9.jpg>
File: selectedvotesimg00056.jpg Graphic file (type eps)

<selectedvotesimg00056.jpg>
Overfull \hbox (1.03543pt too wide) in paragraph at lines 203--204
\OT1/ptm/m/n/14.4 frames be-fore and af-ter the cur-rent frame to gen-er-ate tr
a-jec-to-ries. Then
 []

[29] [30]
Overfull \hbox (3.05412pt too wide) in paragraph at lines 230--232
\OT1/ptm/m/n/14.4 Here, $\OML/cmm/m/it/14.4 ^^U[]$ \OT1/ptm/m/n/14.4 is the gen
-er-al-ized eigen-value by solv-ing the gen-er-al-ized eigen-
 []

[31] [32]
Overfull \hbox (1.03275pt too wide) in paragraph at lines 274--275
[]\OT1/ptm/m/n/14.4 Following [[]], the op-ti-mal re-sult for the prob-lem is g
iven by greedy
 []


LaTeX Warning: `h' float specifier changed to `ht'.

File: samples.jpg Graphic file (type eps)
<samples.jpg>
File: dst6.jpg Graphic file (type eps)
 <dst6.jpg>
File: dst3.jpg Graphic file (type eps)
 <dst3.jpg>
File: dst5.jpg Graphic file (type eps)
 <dst5.jpg>
File: dst2.jpg Graphic file (type eps)
 <dst2.jpg>
File: dst4.jpg Graphic file (type eps)
 <dst4.jpg>
File: dst1.jpg Graphic file (type eps)

<dst1.jpg> [33]
File: a16.jpg Graphic file (type eps)
 <a16.jpg>
File: a26.jpg Graphic file (type eps)
 <a26.jpg>
File: a71.jpg Graphic file (type eps)
 <a71.jpg>
File: a116.jpg Graphic file (type eps)
 <a116.jpg>
File: prf.eps Graphic file (type eps)
 <prf.eps>
File: cm2.eps Graphic file (type eps)
 <cm2.eps>
File: cm1.eps Graphic file (type eps)

<cm1.eps> [34]
File: 016.jpg Graphic file (type eps)
 <016.jpg>
File: 026.jpg Graphic file (type eps)
 <026.jpg>
File: 071.jpg Graphic file (type eps)
 <071.jpg>
File: 116.jpg Graphic file (type eps)
 <116.jpg>
File: 166.jpg Graphic file (type eps)
 <166.jpg>
File: 251.jpg Graphic file (type eps)
 <251.jpg>
File: 326.jpg Graphic file (type eps)

<326.jpg>
File: 366.jpg Graphic file (type eps)
 <366.jpg>
File: amotionimg00296.jpg Graphic file (type eps)
 <amotionimg00296.jpg>
File: amotionimg01836.jpg Graphic file (type eps)
 <amotionimg01836.jpg>
File: selectVimg00296_0.jpg Graphic file (type eps)

<selectVimg00296_0.jpg>
File: selectVimg01836_0.jpg Graphic file (type eps)
 <selectVimg01836_0.jpg>
File: selectVimg00296_19.jpg Graphic file (type eps)
 <selectVimg00296_19.jpg>
File: selectVimg01836_19.jpg Graphic file (type eps)

<selectVimg01836_19.jpg>
File: PER1.jpg Graphic file (type eps)
 <PER1.jpg>
File: PER2.jpg Graphic file (type eps)
 <PER2.jpg>
File: 1.jpg Graphic file (type eps)
 <1.jpg>
File: 3.jpg Graphic file (type eps)
 <3.jpg>
File: 2.jpg Graphic file (type eps)
 <2.jpg>
File: 4.jpg Graphic file (type eps)
 <4.jpg>
[35] [36]
File: leo1.jpg Graphic file (type eps)
 <leo1.jpg>
File: leo2.jpg Graphic file (type eps)
 <leo2.jpg>
File: leo3.jpg Graphic file (type eps)
 <leo3.jpg>
File: ti1.jpg Graphic file (type eps)
 <ti1.jpg>) [37] [38] [39]
\openout2 = `chaps/5.aux'.


(./chaps/5.tex
Chapter 5.

Overfull \hbox (8.19319pt too wide) in paragraph at lines 8--12
[]\OT1/ptm/m/n/14.4 Given two point sets, $[] \OT1/cmr/m/n/14.4 = \OMS/cmsy/m/n
/14.4 f[]\OML/cmm/m/it/14.4 ; []; :::; []\OMS/cmsy/m/n/14.4 g$ \OT1/ptm/m/n/14.
4 and $[] \OT1/cmr/m/n/14.4 = \OMS/cmsy/m/n/14.4 f[]\OML/cmm/m/it/14.4 ; []; ::
:; []\OMS/cmsy/m/n/14.4 g$
 []

[40



]) [41]
\openout2 = `chaps/6.aux'.

 (./chaps/6.tex
Chapter 6.
) [42



] (./thesis.bbl (I search kanjifont definition file: . . )
(I search font definition file: . . . . . . . )
LaTeX Font Info:    Try loading font information for OT1+pcr on input line 16.

(h:/texlive/2011/texmf-dist/tex/latex/psnfss/ot1pcr.fd
File: ot1pcr.fd 2001/06/04 font definitions for OT1/pcr.
) [43


] [44] [45] [46]
[47]) [48]
\openout2 = `chaps/thanks.aux'.

 (./chaps/thanks.tex) (./thesis.aux (./chaps/eabstract.aux)
(./chaps/jabstract.aux) (./chaps/1.aux) (./chaps/2.aux) (./chaps/3.aux)
(./chaps/4.aux) (./chaps/5.aux) (./chaps/6.aux) (./chaps/thanks.aux))

LaTeX Warning: There were multiply-defined labels.

 ) 
Here is how much of TeX's memory you used:
 3518 strings out of 494159
 42571 string characters out of 3162859
 109287 words of memory out of 3000000
 6724 multiletter control sequences out of 15000+200000
 18282 words of font info for 67 fonts, out of 3000000 for 9000
 745 hyphenation exceptions out of 8191
 27i,22n,35p,1407b,742s stack positions out of 5000i,500n,10000p,200000b,50000s

Output written on thesis.dvi (57 pages, 167020 bytes).
